2024-08-07 21:16:58,567:INFO:test_e2e:Getting all the card tiles
2024-08-07 21:16:58,582:INFO:test_e2e:iphone X
2024-08-07 21:16:58,589:INFO:test_e2e:Samsung Note 8
2024-08-07 21:16:58,597:INFO:test_e2e:Nokia Edge
2024-08-07 21:16:58,636:INFO:test_e2e:Blackberry
2024-08-08 16:02:25,904:INFO:test_e2e:Getting all the card tiles
2024-08-08 16:02:25,920:INFO:test_e2e:iphone X
2024-08-08 16:02:25,927:INFO:test_e2e:Samsung Note 8
2024-08-08 16:02:25,934:INFO:test_e2e:Nokia Edge
2024-08-08 16:02:25,968:INFO:test_e2e:Blackberry
2024-08-08 16:02:34,694:INFO:test_formSubmission:Hello
2024-08-08 16:02:35,181:INFO:test_formSubmission:Hello
2024-08-08 16:02:35,181:INFO:test_formSubmission:Hello
2024-08-09 15:35:40,372:INFO:test_e2e:Getting all the card tiles
2024-08-09 15:35:40,391:INFO:test_e2e:iphone X
2024-08-09 15:35:40,399:INFO:test_e2e:Samsung Note 8
2024-08-09 15:35:40,407:INFO:test_e2e:Nokia Edge
2024-08-09 15:35:40,439:INFO:test_e2e:Blackberry
2024-08-09 15:35:47,697:INFO:test_formSubmission:Hello
2024-08-09 15:35:49,323:INFO:test_formSubmission:Hello
2024-08-09 15:35:49,323:INFO:test_formSubmission:Hello
2024-08-09 15:36:09,686:INFO:test_e2e:Getting all the card tiles
2024-08-09 15:36:17,351:INFO:test_formSubmission:Hello
2024-08-09 15:36:22,493:INFO:test_formSubmission:Hello
2024-08-09 15:36:22,493:INFO:test_formSubmission:Hello
2024-08-09 15:37:22,849:INFO:test_formSubmission:Hello
2024-08-09 15:37:23,355:INFO:test_formSubmission:Hello
2024-08-09 15:37:23,355:INFO:test_formSubmission:Hello
2024-08-09 15:38:06,385:INFO:test_e2e:Getting all the card tiles
2024-08-09 15:38:06,434:INFO:test_e2e:
	        iphone X
	    
2024-08-09 15:38:06,439:INFO:test_e2e:
	        Samsung Note 8
	    
2024-08-09 15:38:06,444:INFO:test_e2e:
	        Nokia Edge
	    
2024-08-09 15:38:06,450:INFO:test_e2e:
	        Blackberry
	    
2024-08-09 15:38:15,297:INFO:test_formSubmission:Hello
2024-08-09 15:38:16,435:INFO:test_formSubmission:Hello
2024-08-09 15:38:16,435:INFO:test_formSubmission:Hello
2024-08-09 15:42:33,646:INFO:test_e2e:Getting all the card tiles
2024-08-09 15:42:33,665:INFO:test_e2e:iphone X
2024-08-09 15:42:33,672:INFO:test_e2e:Samsung Note 8
2024-08-09 15:42:33,679:INFO:test_e2e:Nokia Edge
2024-08-09 15:42:33,713:INFO:test_e2e:Blackberry
2024-08-09 15:42:42,329:INFO:test_formSubmission:Hello
2024-08-09 15:42:42,772:INFO:test_formSubmission:Hello
2024-08-09 15:42:42,772:INFO:test_formSubmission:Hello
2024-08-09 15:50:34,236:INFO:test_e2e:Getting all the card tiles
2024-08-09 15:50:34,261:INFO:test_e2e:iphone X
2024-08-09 15:50:34,271:INFO:test_e2e:Samsung Note 8
2024-08-09 15:50:34,280:INFO:test_e2e:Nokia Edge
2024-08-09 15:50:34,317:INFO:test_e2e:Blackberry
2024-08-09 15:50:43,827:INFO:test_formSubmission:Hello
2024-08-09 15:50:44,294:INFO:test_formSubmission:Hello
2024-08-09 15:50:44,294:INFO:test_formSubmission:Hello
2024-08-09 16:01:24,620:INFO:test_e2e:Getting all the card tiles
2024-08-09 16:01:24,637:INFO:test_e2e:iphone X
2024-08-09 16:01:24,645:INFO:test_e2e:Samsung Note 8
2024-08-09 16:01:24,651:INFO:test_e2e:Nokia Edge
2024-08-09 16:01:24,684:INFO:test_e2e:Blackberry
2024-08-09 16:01:33,251:INFO:test_formSubmission:Hello
2024-08-09 16:01:33,734:INFO:test_formSubmission:Hello
2024-08-09 16:01:33,734:INFO:test_formSubmission:Hello
2024-08-12 16:17:06,474:INFO:test_formSubmission:Hello
